<?xml version="1.0" encoding="UTF-8"?>
<testng-results ignored="0" total="1" passed="1" failed="0" skipped="0">
  <reporter-output>
  </reporter-output>
  <suite started-at="2023-12-10T10:58:52 IST" name="Default suite" finished-at="2023-12-10T10:59:13 IST" duration-ms="20404">
    <groups>
    </groups>
    <test started-at="2023-12-10T10:58:52 IST" name="Default test" finished-at="2023-12-10T10:59:13 IST" duration-ms="20404">
      <class name="tests.AutomationFlow">
        <test-method is-config="true" signature="setup()[pri:0, instance:tests.AutomationFlow@8462f31]" started-at="2023-12-10T10:58:53 IST" name="setup" finished-at="2023-12-10T10:59:02 IST" duration-ms="8972" status="PASS">
          <reporter-output>
          </reporter-output>
        </test-method> <!-- setup -->
        <test-method signature="add_review_in_product()[pri:21, instance:tests.AutomationFlow@8462f31]" started-at="2023-12-10T10:59:02 IST" name="add_review_in_product" finished-at="2023-12-10T10:59:13 IST" duration-ms="11361" status="PASS">
          <reporter-output>
          </reporter-output>
        </test-method> <!-- add_review_in_product -->
      </class> <!-- tests.AutomationFlow -->
    </test> <!-- Default test -->
  </suite> <!-- Default suite -->
</testng-results>
